[debug] [2023-06-25T01:20:41.002Z] ----------------------------------------------------------------------
[debug] [2023-06-25T01:20:41.006Z] Command:       /home/kasey/.nvm/versions/node/v16.17.0/bin/node /home/kasey/.nvm/versions/node/v16.17.0/bin/firebase deploy
[debug] [2023-06-25T01:20:41.007Z] CLI Version:   11.16.0
[debug] [2023-06-25T01:20:41.007Z] Platform:      linux
[debug] [2023-06-25T01:20:41.007Z] Node Version:  v16.17.0
[debug] [2023-06-25T01:20:41.025Z] Time:          Sat Jun 24 2023 21:20:41 GMT-0400 (Eastern Daylight Time)
[debug] [2023-06-25T01:20:41.026Z] ----------------------------------------------------------------------
[debug] 
[debug] [2023-06-25T01:20:41.031Z] >>> [apiv2][query] GET https://firebase-public.firebaseio.com/cli.json [none]
[debug] [2023-06-25T01:20:41.274Z] > refreshing access token with scopes: []
[debug] [2023-06-25T01:20:41.276Z] >>> [apiv2][query] POST https://www.googleapis.com/oauth2/v3/token [none]
[debug] [2023-06-25T01:20:41.276Z] >>> [apiv2][body] POST https://www.googleapis.com/oauth2/v3/token [omitted]
[debug] [2023-06-25T01:20:41.483Z] <<< [apiv2][status] GET https://firebase-public.firebaseio.com/cli.json 200
[debug] [2023-06-25T01:20:41.484Z] <<< [apiv2][body] GET https://firebase-public.firebaseio.com/cli.json {"cloudBuildErrorAfter":1594252800000,"cloudBuildWarnAfter":1590019200000,"defaultNode10After":1594252800000,"minVersion":"3.0.5","node8DeploysDisabledAfter":1613390400000,"node8RuntimeDisabledAfter":1615809600000,"node8WarnAfter":1600128000000}
[debug] [2023-06-25T01:20:41.581Z] <<< [apiv2][status] POST https://www.googleapis.com/oauth2/v3/token 200
[debug] [2023-06-25T01:20:41.581Z] <<< [apiv2][body] POST https://www.googleapis.com/oauth2/v3/token [omitted]
[debug] [2023-06-25T01:20:41.595Z] >>> [apiv2][query] GET https://firebase.googleapis.com/v1beta1/projects/undefined [none]
[debug] [2023-06-25T01:20:41.951Z] <<< [apiv2][status] GET https://firebase.googleapis.com/v1beta1/projects/undefined 403
[debug] [2023-06-25T01:20:41.953Z] <<< [apiv2][body] GET https://firebase.googleapis.com/v1beta1/projects/undefined {"error":{"code":403,"message":"The caller does not have permission","status":"PERMISSION_DENIED"}}
[debug] [2023-06-25T01:20:41.957Z] HTTP Error: 403, The caller does not have permission
[debug] [2023-06-25T01:20:41.961Z] FirebaseError: HTTP Error: 403, The caller does not have permission
    at responseToError (/home/kasey/.nvm/versions/node/v16.17.0/lib/node_modules/firebase-tools/lib/responseToError.js:49:12)
    at RetryOperation._fn (/home/kasey/.nvm/versions/node/v16.17.0/lib/node_modules/firebase-tools/lib/apiv2.js:288:77)
    at processTicksAndRejections (node:internal/process/task_queues:96:5)
[error] 
[error] Error: Failed to get Firebase project undefined. Please make sure the project exists and your account has permission to access it.
